Command line invocation:
    /Applications/Xcode.app/Contents/Developer/usr/bin/xcodebuild -project /Users/iamabillionaire/repos-local/stitchpal/ios/StitchPal.xcodeproj -configuration Debug -scheme StitchPal -destination id=1D601772-5EF1-458B-A549-79FF99418415 clean build

CreateBuildRequest

SendProjectDescription

CreateBuildOperation

** CLEAN SUCCEEDED **

ComputePackagePrebuildTargetDependencyGraph

Prepare packages

CreateBuildRequest

SendProjectDescription

CreateBuildOperation

ComputeTargetDependencyGraph
note: Building targets in dependency order
note: Target dependency graph (1 target)
    Target 'StitchPal' in project 'StitchPal' (no dependencies)

GatherProvisioningInputs

CreateBuildDescription

ExecuteExternalTool /Applications/Xcode.app/Contents/Developer/usr/bin/ibtool --version --output-format xml1

ExecuteExternalTool /Applications/Xcode.app/Contents/Developer/Toolchains/XcodeDefault.xctoolchain/usr/bin/clang -v -E -dM -isysroot /Applications/Xcode.app/Contents/Developer/Platforms/iPhoneSimulator.platform/Developer/SDKs/iPhoneSimulator26.2.sdk -x c -c /dev/null

ExecuteExternalTool /Applications/Xcode.app/Contents/Developer/Toolchains/XcodeDefault.xctoolchain/usr/bin/clang -v -E -dM -arch arm64 -isysroot /Applications/Xcode.app/Contents/Developer/Platforms/iPhoneSimulator.platform/Developer/SDKs/iPhoneSimulator26.2.sdk -x c -c /dev/null

ExecuteExternalTool /Applications/Xcode.app/Contents/Developer/usr/bin/actool --print-asset-tag-combinations --output-format xml1 /Users/iamabillionaire/repos-local/stitchpal/ios/StitchPal/Images.xcassets

ExecuteExternalTool /Applications/Xcode.app/Contents/Developer/usr/bin/actool --version --output-format xml1

ExecuteExternalTool /Applications/Xcode.app/Contents/Developer/Toolchains/XcodeDefault.xctoolchain/usr/bin/swiftc --version

ExecuteExternalTool /Applications/Xcode.app/Contents/Developer/Toolchains/XcodeDefault.xctoolchain/usr/bin/ld -version_details

Build description signature: 91a25b1d23236e53db801a241adce831
Build description path: /Users/iamabillionaire/Library/Developer/Xcode/DerivedData/StitchPal-dfmnusbgophjxsgwnlxqjaarluih/Build/Intermediates.noindex/XCBuildData/91a25b1d23236e53db801a241adce831.xcbuilddata
CreateBuildDirectory /Users/iamabillionaire/Library/Developer/Xcode/DerivedData/StitchPal-dfmnusbgophjxsgwnlxqjaarluih/Build/Products
    cd /Users/iamabillionaire/repos-local/stitchpal/ios/StitchPal.xcodeproj
    builtin-create-build-directory /Users/iamabillionaire/Library/Developer/Xcode/DerivedData/StitchPal-dfmnusbgophjxsgwnlxqjaarluih/Build/Products

CreateBuildDirectory /Users/iamabillionaire/Library/Developer/Xcode/DerivedData/StitchPal-dfmnusbgophjxsgwnlxqjaarluih/Build/Intermediates.noindex
    cd /Users/iamabillionaire/repos-local/stitchpal/ios/StitchPal.xcodeproj
    builtin-create-build-directory /Users/iamabillionaire/Library/Developer/Xcode/DerivedData/StitchPal-dfmnusbgophjxsgwnlxqjaarluih/Build/Intermediates.noindex

ClangStatCache /Applications/Xcode.app/Contents/Developer/Toolchains/XcodeDefault.xctoolchain/usr/bin/clang-stat-cache /Applications/Xcode.app/Contents/Developer/Platforms/iPhoneSimulator.platform/Developer/SDKs/iPhoneSimulator26.2.sdk /Users/iamabillionaire/Library/Developer/Xcode/DerivedData/SDKStatCaches.noindex/iphonesimulator26.2-23C57-7d00a8b37fbd7999ea79df8ebc024bf0.sdkstatcache
    cd /Users/iamabillionaire/repos-local/stitchpal/ios/StitchPal.xcodeproj
    /Applications/Xcode.app/Contents/Developer/Toolchains/XcodeDefault.xctoolchain/usr/bin/clang-stat-cache /Applications/Xcode.app/Contents/Developer/Platforms/iPhoneSimulator.platform/Developer/SDKs/iPhoneSimulator26.2.sdk -o /Users/iamabillionaire/Library/Developer/Xcode/DerivedData/SDKStatCaches.noindex/iphonesimulator26.2-23C57-7d00a8b37fbd7999ea79df8ebc024bf0.sdkstatcache

WriteAuxiliaryFile /Users/iamabillionaire/Library/Developer/Xcode/DerivedData/StitchPal-dfmnusbgophjxsgwnlxqjaarluih/Build/Intermediates.noindex/StitchPal.build/Debug-iphonesimulator/StitchPal-be712035c0300ab2bc71003fcfe695f3-VFS-iphonesimulator/all-product-headers.yaml
    cd /Users/iamabillionaire/repos-local/stitchpal/ios/StitchPal.xcodeproj
    write-file /Users/iamabillionaire/Library/Developer/Xcode/DerivedData/StitchPal-dfmnusbgophjxsgwnlxqjaarluih/Build/Intermediates.noindex/StitchPal.build/Debug-iphonesimulator/StitchPal-be712035c0300ab2bc71003fcfe695f3-VFS-iphonesimulator/all-product-headers.yaml

CreateBuildDirectory /Users/iamabillionaire/Library/Developer/Xcode/DerivedData/StitchPal-dfmnusbgophjxsgwnlxqjaarluih/Build/Intermediates.noindex/SwiftExplicitPrecompiledModules
    cd /Users/iamabillionaire/repos-local/stitchpal/ios/StitchPal.xcodeproj
    builtin-create-build-directory /Users/iamabillionaire/Library/Developer/Xcode/DerivedData/StitchPal-dfmnusbgophjxsgwnlxqjaarluih/Build/Intermediates.noindex/SwiftExplicitPrecompiledModules

CreateBuildDirectory /Users/iamabillionaire/Library/Developer/Xcode/DerivedData/StitchPal-dfmnusbgophjxsgwnlxqjaarluih/Build/Intermediates.noindex/ExplicitPrecompiledModules
    cd /Users/iamabillionaire/repos-local/stitchpal/ios/StitchPal.xcodeproj
    builtin-create-build-directory /Users/iamabillionaire/Library/Developer/Xcode/DerivedData/StitchPal-dfmnusbgophjxsgwnlxqjaarluih/Build/Intermediates.noindex/ExplicitPrecompiledModules

CreateBuildDirectory /Users/iamabillionaire/Library/Developer/Xcode/DerivedData/StitchPal-dfmnusbgophjxsgwnlxqjaarluih/Build/Intermediates.noindex/EagerLinkingTBDs/Debug-iphonesimulator
    cd /Users/iamabillionaire/repos-local/stitchpal/ios/StitchPal.xcodeproj
    builtin-create-build-directory /Users/iamabillionaire/Library/Developer/Xcode/DerivedData/StitchPal-dfmnusbgophjxsgwnlxqjaarluih/Build/Intermediates.noindex/EagerLinkingTBDs/Debug-iphonesimulator

CreateBuildDirectory /Users/iamabillionaire/Library/Developer/Xcode/DerivedData/StitchPal-dfmnusbgophjxsgwnlxqjaarluih/Build/Products/Debug-iphonesimulator
    cd /Users/iamabillionaire/repos-local/stitchpal/ios/StitchPal.xcodeproj
    builtin-create-build-directory /Users/iamabillionaire/Library/Developer/Xcode/DerivedData/StitchPal-dfmnusbgophjxsgwnlxqjaarluih/Build/Products/Debug-iphonesimulator

WriteAuxiliaryFile /Users/iamabillionaire/Library/Developer/Xcode/DerivedData/StitchPal-dfmnusbgophjxsgwnlxqjaarluih/Build/Intermediates.noindex/StitchPal.build/Debug-iphonesimulator/StitchPal.build/StitchPal-project-headers.hmap (in target 'StitchPal' from project 'StitchPal')
    cd /Users/iamabillionaire/repos-local/stitchpal/ios
    write-file /Users/iamabillionaire/Library/Developer/Xcode/DerivedData/StitchPal-dfmnusbgophjxsgwnlxqjaarluih/Build/Intermediates.noindex/StitchPal.build/Debug-iphonesimulator/StitchPal.build/StitchPal-project-headers.hmap

WriteAuxiliaryFile /Users/iamabillionaire/Library/Developer/Xcode/DerivedData/StitchPal-dfmnusbgophjxsgwnlxqjaarluih/Build/Intermediates.noindex/StitchPal.build/Debug-iphonesimulator/StitchPal.build/StitchPal-own-target-headers.hmap (in target 'StitchPal' from project 'StitchPal')
    cd /Users/iamabillionaire/repos-local/stitchpal/ios
    write-file /Users/iamabillionaire/Library/Developer/Xcode/DerivedData/StitchPal-dfmnusbgophjxsgwnlxqjaarluih/Build/Intermediates.noindex/StitchPal.build/Debug-iphonesimulator/StitchPal.build/StitchPal-own-target-headers.hmap

WriteAuxiliaryFile /Users/iamabillionaire/Library/Developer/Xcode/DerivedData/StitchPal-dfmnusbgophjxsgwnlxqjaarluih/Build/Intermediates.noindex/StitchPal.build/Debug-iphonesimulator/StitchPal.build/StitchPal.DependencyStaticMetadataFileList (in target 'StitchPal' from project 'StitchPal')
    cd /Users/iamabillionaire/repos-local/stitchpal/ios
    write-file /Users/iamabillionaire/Library/Developer/Xcode/DerivedData/StitchPal-dfmnusbgophjxsgwnlxqjaarluih/Build/Intermediates.noindex/StitchPal.build/Debug-iphonesimulator/StitchPal.build/StitchPal.DependencyStaticMetadataFileList

WriteAuxiliaryFile /Users/iamabillionaire/Library/Developer/Xcode/DerivedData/StitchPal-dfmnusbgophjxsgwnlxqjaarluih/Build/Intermediates.noindex/StitchPal.build/Debug-iphonesimulator/StitchPal.build/StitchPal-generated-files.hmap (in target 'StitchPal' from project 'StitchPal')
    cd /Users/iamabillionaire/repos-local/stitchpal/ios
    write-file /Users/iamabillionaire/Library/Developer/Xcode/DerivedData/StitchPal-dfmnusbgophjxsgwnlxqjaarluih/Build/Intermediates.noindex/StitchPal.build/Debug-iphonesimulator/StitchPal.build/StitchPal-generated-files.hmap

WriteAuxiliaryFile /Users/iamabillionaire/Library/Developer/Xcode/DerivedData/StitchPal-dfmnusbgophjxsgwnlxqjaarluih/Build/Intermediates.noindex/StitchPal.build/Debug-iphonesimulator/StitchPal.build/StitchPal-all-target-headers.hmap (in target 'StitchPal' from project 'StitchPal')
    cd /Users/iamabillionaire/repos-local/stitchpal/ios
    write-file /Users/iamabillionaire/Library/Developer/Xcode/DerivedData/StitchPal-dfmnusbgophjxsgwnlxqjaarluih/Build/Intermediates.noindex/StitchPal.build/Debug-iphonesimulator/StitchPal.build/StitchPal-all-target-headers.hmap

WriteAuxiliaryFile /Users/iamabillionaire/Library/Developer/Xcode/DerivedData/StitchPal-dfmnusbgophjxsgwnlxqjaarluih/Build/Intermediates.noindex/StitchPal.build/Debug-iphonesimulator/StitchPal.build/StitchPal-all-non-framework-target-headers.hmap (in target 'StitchPal' from project 'StitchPal')
    cd /Users/iamabillionaire/repos-local/stitchpal/ios
    write-file /Users/iamabillionaire/Library/Developer/Xcode/DerivedData/StitchPal-dfmnusbgophjxsgwnlxqjaarluih/Build/Intermediates.noindex/StitchPal.build/Debug-iphonesimulator/StitchPal.build/StitchPal-all-non-framework-target-headers.hmap

WriteAuxiliaryFile /Users/iamabillionaire/Library/Developer/Xcode/DerivedData/StitchPal-dfmnusbgophjxsgwnlxqjaarluih/Build/Intermediates.noindex/StitchPal.build/Debug-iphonesimulator/StitchPal.build/StitchPal-DebugDylibPath-normal-arm64.txt (in target 'StitchPal' from project 'StitchPal')
    cd /Users/iamabillionaire/repos-local/stitchpal/ios
    write-file /Users/iamabillionaire/Library/Developer/Xcode/DerivedData/StitchPal-dfmnusbgophjxsgwnlxqjaarluih/Build/Intermediates.noindex/StitchPal.build/Debug-iphonesimulator/StitchPal.build/StitchPal-DebugDylibPath-normal-arm64.txt

WriteAuxiliaryFile /Users/iamabillionaire/Library/Developer/Xcode/DerivedData/StitchPal-dfmnusbgophjxsgwnlxqjaarluih/Build/Intermediates.noindex/StitchPal.build/Debug-iphonesimulator/StitchPal.build/StitchPal-DebugDylibInstallName-normal-arm64.txt (in target 'StitchPal' from project 'StitchPal')
    cd /Users/iamabillionaire/repos-local/stitchpal/ios
    write-file /Users/iamabillionaire/Library/Developer/Xcode/DerivedData/StitchPal-dfmnusbgophjxsgwnlxqjaarluih/Build/Intermediates.noindex/StitchPal.build/Debug-iphonesimulator/StitchPal.build/StitchPal-DebugDylibInstallName-normal-arm64.txt

WriteAuxiliaryFile /Users/iamabillionaire/Library/Developer/Xcode/DerivedData/StitchPal-dfmnusbgophjxsgwnlxqjaarluih/Build/Intermediates.noindex/StitchPal.build/Debug-iphonesimulator/StitchPal.build/Script-800E24972A6A228C8D4807E9.sh (in target 'StitchPal' from project 'StitchPal')
    cd /Users/iamabillionaire/repos-local/stitchpal/ios
    write-file /Users/iamabillionaire/Library/Developer/Xcode/DerivedData/StitchPal-dfmnusbgophjxsgwnlxqjaarluih/Build/Intermediates.noindex/StitchPal.build/Debug-iphonesimulator/StitchPal.build/Script-800E24972A6A228C8D4807E9.sh

WriteAuxiliaryFile /Users/iamabillionaire/Library/Developer/Xcode/DerivedData/StitchPal-dfmnusbgophjxsgwnlxqjaarluih/Build/Intermediates.noindex/StitchPal.build/Debug-iphonesimulator/StitchPal.build/Script-08A4A3CD28434E44B6B9DE2E.sh (in target 'StitchPal' from project 'StitchPal')
    cd /Users/iamabillionaire/repos-local/stitchpal/ios
    write-file /Users/iamabillionaire/Library/Developer/Xcode/DerivedData/StitchPal-dfmnusbgophjxsgwnlxqjaarluih/Build/Intermediates.noindex/StitchPal.build/Debug-iphonesimulator/StitchPal.build/Script-08A4A3CD28434E44B6B9DE2E.sh

WriteAuxiliaryFile /Users/iamabillionaire/Library/Developer/Xcode/DerivedData/StitchPal-dfmnusbgophjxsgwnlxqjaarluih/Build/Intermediates.noindex/StitchPal.build/Debug-iphonesimulator/StitchPal.build/Script-00DD1BFF1BD5951E006B06BC.sh (in target 'StitchPal' from project 'StitchPal')
    cd /Users/iamabillionaire/repos-local/stitchpal/ios
    write-file /Users/iamabillionaire/Library/Developer/Xcode/DerivedData/StitchPal-dfmnusbgophjxsgwnlxqjaarluih/Build/Intermediates.noindex/StitchPal.build/Debug-iphonesimulator/StitchPal.build/Script-00DD1BFF1BD5951E006B06BC.sh

WriteAuxiliaryFile /Users/iamabillionaire/Library/Developer/Xcode/DerivedData/StitchPal-dfmnusbgophjxsgwnlxqjaarluih/Build/Intermediates.noindex/StitchPal.build/Debug-iphonesimulator/StitchPal.build/StitchPal.DependencyMetadataFileList (in target 'StitchPal' from project 'StitchPal')
    cd /Users/iamabillionaire/repos-local/stitchpal/ios
    write-file /Users/iamabillionaire/Library/Developer/Xcode/DerivedData/StitchPal-dfmnusbgophjxsgwnlxqjaarluih/Build/Intermediates.noindex/StitchPal.build/Debug-iphonesimulator/StitchPal.build/StitchPal.DependencyMetadataFileList

WriteAuxiliaryFile /Users/iamabillionaire/Library/Developer/Xcode/DerivedData/StitchPal-dfmnusbgophjxsgwnlxqjaarluih/Build/Intermediates.noindex/StitchPal.build/Debug-iphonesimulator/StitchPal.build/StitchPal.hmap (in target 'StitchPal' from project 'StitchPal')
    cd /Users/iamabillionaire/repos-local/stitchpal/ios
    write-file /Users/iamabillionaire/Library/Developer/Xcode/DerivedData/StitchPal-dfmnusbgophjxsgwnlxqjaarluih/Build/Intermediates.noindex/StitchPal.build/Debug-iphonesimulator/StitchPal.build/StitchPal.hmap

WriteAuxiliaryFile /Users/iamabillionaire/Library/Developer/Xcode/DerivedData/StitchPal-dfmnusbgophjxsgwnlxqjaarluih/Build/Intermediates.noindex/StitchPal.build/Debug-iphonesimulator/StitchPal.build/Objects-normal/arm64/StitchPal_const_extract_protocols.json (in target 'StitchPal' from project 'StitchPal')
    cd /Users/iamabillionaire/repos-local/stitchpal/ios
    write-file /Users/iamabillionaire/Library/Developer/Xcode/DerivedData/StitchPal-dfmnusbgophjxsgwnlxqjaarluih/Build/Intermediates.noindex/StitchPal.build/Debug-iphonesimulator/StitchPal.build/Objects-normal/arm64/StitchPal_const_extract_protocols.json

WriteAuxiliaryFile /Users/iamabillionaire/Library/Developer/Xcode/DerivedData/StitchPal-dfmnusbgophjxsgwnlxqjaarluih/Build/Intermediates.noindex/StitchPal.build/Debug-iphonesimulator/StitchPal.build/Objects-normal/arm64/StitchPal.SwiftFileList (in target 'StitchPal' from project 'StitchPal')
    cd /Users/iamabillionaire/repos-local/stitchpal/ios
    write-file /Users/iamabillionaire/Library/Developer/Xcode/DerivedData/StitchPal-dfmnusbgophjxsgwnlxqjaarluih/Build/Intermediates.noindex/StitchPal.build/Debug-iphonesimulator/StitchPal.build/Objects-normal/arm64/StitchPal.SwiftFileList

WriteAuxiliaryFile /Users/iamabillionaire/Library/Developer/Xcode/DerivedData/StitchPal-dfmnusbgophjxsgwnlxqjaarluih/Build/Intermediates.noindex/StitchPal.build/Debug-iphonesimulator/StitchPal.build/Objects-normal/arm64/StitchPal.SwiftConstValuesFileList (in target 'StitchPal' from project 'StitchPal')
    cd /Users/iamabillionaire/repos-local/stitchpal/ios
    write-file /Users/iamabillionaire/Library/Developer/Xcode/DerivedData/StitchPal-dfmnusbgophjxsgwnlxqjaarluih/Build/Intermediates.noindex/StitchPal.build/Debug-iphonesimulator/StitchPal.build/Objects-normal/arm64/StitchPal.SwiftConstValuesFileList

WriteAuxiliaryFile /Users/iamabillionaire/Library/Developer/Xcode/DerivedData/StitchPal-dfmnusbgophjxsgwnlxqjaarluih/Build/Intermediates.noindex/StitchPal.build/Debug-iphonesimulator/StitchPal.build/Objects-normal/arm64/StitchPal.LinkFileList (in target 'StitchPal' from project 'StitchPal')
    cd /Users/iamabillionaire/repos-local/stitchpal/ios
    write-file /Users/iamabillionaire/Library/Developer/Xcode/DerivedData/StitchPal-dfmnusbgophjxsgwnlxqjaarluih/Build/Intermediates.noindex/StitchPal.build/Debug-iphonesimulator/StitchPal.build/Objects-normal/arm64/StitchPal.LinkFileList

WriteAuxiliaryFile /Users/iamabillionaire/Library/Developer/Xcode/DerivedData/StitchPal-dfmnusbgophjxsgwnlxqjaarluih/Build/Intermediates.noindex/StitchPal.build/Debug-iphonesimulator/StitchPal.build/Objects-normal/arm64/StitchPal-OutputFileMap.json (in target 'StitchPal' from project 'StitchPal')
    cd /Users/iamabillionaire/repos-local/stitchpal/ios
    write-file /Users/iamabillionaire/Library/Developer/Xcode/DerivedData/StitchPal-dfmnusbgophjxsgwnlxqjaarluih/Build/Intermediates.noindex/StitchPal.build/Debug-iphonesimulator/StitchPal.build/Objects-normal/arm64/StitchPal-OutputFileMap.json

WriteAuxiliaryFile /Users/iamabillionaire/Library/Developer/Xcode/DerivedData/StitchPal-dfmnusbgophjxsgwnlxqjaarluih/Build/Intermediates.noindex/StitchPal.build/Debug-iphonesimulator/StitchPal.build/Objects-normal/arm64/7187679823f38a2a940e0043cdf9d637-common-args.resp (in target 'StitchPal' from project 'StitchPal')
    cd /Users/iamabillionaire/repos-local/stitchpal/ios
    write-file /Users/iamabillionaire/Library/Developer/Xcode/DerivedData/StitchPal-dfmnusbgophjxsgwnlxqjaarluih/Build/Intermediates.noindex/StitchPal.build/Debug-iphonesimulator/StitchPal.build/Objects-normal/arm64/7187679823f38a2a940e0043cdf9d637-common-args.resp
-target arm64-apple-ios15.1-simulator '-std=gnu99' -fmodules -gmodules '-fmodules-cache-path=/Users/iamabillionaire/Library/Developer/Xcode/DerivedData/ModuleCache.noindex' -fpascal-strings -O0 -fno-common '-DDEBUG=1' '-DFB_SONARKIT_ENABLED=1' -isysroot /Applications/Xcode.app/Contents/Developer/Platforms/iPhoneSimulator.platform/Developer/SDKs/iPhoneSimulator26.2.sdk -g -iquote /Users/iamabillionaire/Library/Developer/Xcode/DerivedData/StitchPal-dfmnusbgophjxsgwnlxqjaarluih/Build/Intermediates.noindex/StitchPal.build/Debug-iphonesimulator/StitchPal.build/StitchPal-generated-files.hmap -I/Users/iamabillionaire/Library/Developer/Xcode/DerivedData/StitchPal-dfmnusbgophjxsgwnlxqjaarluih/Build/Intermediates.noindex/StitchPal.build/Debug-iphonesimulator/StitchPal.build/StitchPal-own-target-headers.hmap -I/Users/iamabillionaire/Library/Developer/Xcode/DerivedData/StitchPal-dfmnusbgophjxsgwnlxqjaarluih/Build/Intermediates.noindex/StitchPal.build/Debug-iphonesimulator/StitchPal.build/StitchPal-all-target-headers.hmap -iquote /Users/iamabillionaire/Library/Developer/Xcode/DerivedData/StitchPal-dfmnusbgophjxsgwnlxqjaarluih/Build/Intermediates.noindex/StitchPal.build/Debug-iphonesimulator/StitchPal.build/StitchPal-project-headers.hmap -I/Users/iamabillionaire/Library/Developer/Xcode/DerivedData/StitchPal-dfmnusbgophjxsgwnlxqjaarluih/Build/Products/Debug-iphonesimulator/include -I/Users/iamabillionaire/Library/Developer/Xcode/DerivedData/StitchPal-dfmnusbgophjxsgwnlxqjaarluih/Build/Intermediates.noindex/StitchPal.build/Debug-iphonesimulator/StitchPal.build/DerivedSources-normal/arm64 -I/Users/iamabillionaire/Library/Developer/Xcode/DerivedData/StitchPal-dfmnusbgophjxsgwnlxqjaarluih/Build/Intermediates.noindex/StitchPal.build/Debug-iphonesimulator/StitchPal.build/DerivedSources/arm64 -I/Users/iamabillionaire/Library/Developer/Xcode/DerivedData/StitchPal-dfmnusbgophjxsgwnlxqjaarluih/Build/Intermediates.noindex/StitchPal.build/Debug-iphonesimulator/StitchPal.build/DerivedSources -F/Users/iamabillionaire/Library/Developer/Xcode/DerivedData/StitchPal-dfmnusbgophjxsgwnlxqjaarluih/Build/Products/Debug-iphonesimulator

WriteAuxiliaryFile /Users/iamabillionaire/Library/Developer/Xcode/DerivedData/StitchPal-dfmnusbgophjxsgwnlxqjaarluih/Build/Intermediates.noindex/StitchPal.build/Debug-iphonesimulator/StitchPal.build/DerivedSources/StitchPal_vers.c (in target 'StitchPal' from project 'StitchPal')
    cd /Users/iamabillionaire/repos-local/stitchpal/ios
    write-file /Users/iamabillionaire/Library/Developer/Xcode/DerivedData/StitchPal-dfmnusbgophjxsgwnlxqjaarluih/Build/Intermediates.noindex/StitchPal.build/Debug-iphonesimulator/StitchPal.build/DerivedSources/StitchPal_vers.c

WriteAuxiliaryFile /Users/iamabillionaire/Library/Developer/Xcode/DerivedData/StitchPal-dfmnusbgophjxsgwnlxqjaarluih/Build/Intermediates.noindex/StitchPal.build/Debug-iphonesimulator/StitchPal.build/DerivedSources/Entitlements-Simulated.plist (in target 'StitchPal' from project 'StitchPal')
    cd /Users/iamabillionaire/repos-local/stitchpal/ios
    write-file /Users/iamabillionaire/Library/Developer/Xcode/DerivedData/StitchPal-dfmnusbgophjxsgwnlxqjaarluih/Build/Intermediates.noindex/StitchPal.build/Debug-iphonesimulator/StitchPal.build/DerivedSources/Entitlements-Simulated.plist

MkDir /Users/iamabillionaire/Library/Developer/Xcode/DerivedData/StitchPal-dfmnusbgophjxsgwnlxqjaarluih/Build/Products/Debug-iphonesimulator/StitchPal.app (in target 'StitchPal' from project 'StitchPal')
    cd /Users/iamabillionaire/repos-local/stitchpal/ios
    /bin/mkdir -p /Users/iamabillionaire/Library/Developer/Xcode/DerivedData/StitchPal-dfmnusbgophjxsgwnlxqjaarluih/Build/Products/Debug-iphonesimulator/StitchPal.app

ProcessProductPackaging /Users/iamabillionaire/repos-local/stitchpal/ios/StitchPal/StitchPal.entitlements /Users/iamabillionaire/Library/Developer/Xcode/DerivedData/StitchPal-dfmnusbgophjxsgwnlxqjaarluih/Build/Intermediates.noindex/StitchPal.build/Debug-iphonesimulator/StitchPal.build/StitchPal.app.xcent (in target 'StitchPal' from project 'StitchPal')
    cd /Users/iamabillionaire/repos-local/stitchpal/ios
    
    Entitlements:
    
    {
}
    
    builtin-productPackagingUtility /Users/iamabillionaire/repos-local/stitchpal/ios/StitchPal/StitchPal.entitlements -entitlements -format xml -o /Users/iamabillionaire/Library/Developer/Xcode/DerivedData/StitchPal-dfmnusbgophjxsgwnlxqjaarluih/Build/Intermediates.noindex/StitchPal.build/Debug-iphonesimulator/StitchPal.build/StitchPal.app.xcent

ProcessProductPackaging /Users/iamabillionaire/repos-local/stitchpal/ios/StitchPal/StitchPal.entitlements /Users/iamabillionaire/Library/Developer/Xcode/DerivedData/StitchPal-dfmnusbgophjxsgwnlxqjaarluih/Build/Intermediates.noindex/StitchPal.build/Debug-iphonesimulator/StitchPal.build/StitchPal.app-Simulated.xcent (in target 'StitchPal' from project 'StitchPal')
    cd /Users/iamabillionaire/repos-local/stitchpal/ios
    
    Entitlements:
    
    {
    "application-identifier" = "Y4NZ65U5X7.com.stitchpal.app";
}
    
    builtin-productPackagingUtility /Users/iamabillionaire/repos-local/stitchpal/ios/StitchPal/StitchPal.entitlements -entitlements -format xml -o /Users/iamabillionaire/Library/Developer/Xcode/DerivedData/StitchPal-dfmnusbgophjxsgwnlxqjaarluih/Build/Intermediates.noindex/StitchPal.build/Debug-iphonesimulator/StitchPal.build/StitchPal.app-Simulated.xcent

ProcessProductPackagingDER /Users/iamabillionaire/Library/Developer/Xcode/DerivedData/StitchPal-dfmnusbgophjxsgwnlxqjaarluih/Build/Intermediates.noindex/StitchPal.build/Debug-iphonesimulator/StitchPal.build/StitchPal.app.xcent /Users/iamabillionaire/Library/Developer/Xcode/DerivedData/StitchPal-dfmnusbgophjxsgwnlxqjaarluih/Build/Intermediates.noindex/StitchPal.build/Debug-iphonesimulator/StitchPal.build/StitchPal.app.xcent.der (in target 'StitchPal' from project 'StitchPal')
    cd /Users/iamabillionaire/repos-local/stitchpal/ios
    /usr/bin/derq query -f xml -i /Users/iamabillionaire/Library/Developer/Xcode/DerivedData/StitchPal-dfmnusbgophjxsgwnlxqjaarluih/Build/Intermediates.noindex/StitchPal.build/Debug-iphonesimulator/StitchPal.build/StitchPal.app.xcent -o /Users/iamabillionaire/Library/Developer/Xcode/DerivedData/StitchPal-dfmnusbgophjxsgwnlxqjaarluih/Build/Intermediates.noindex/StitchPal.build/Debug-iphonesimulator/StitchPal.build/StitchPal.app.xcent.der --raw

ProcessProductPackagingDER /Users/iamabillionaire/Library/Developer/Xcode/DerivedData/StitchPal-dfmnusbgophjxsgwnlxqjaarluih/Build/Intermediates.noindex/StitchPal.build/Debug-iphonesimulator/StitchPal.build/StitchPal.app-Simulated.xcent /Users/iamabillionaire/Library/Developer/Xcode/DerivedData/StitchPal-dfmnusbgophjxsgwnlxqjaarluih/Build/Intermediates.noindex/StitchPal.build/Debug-iphonesimulator/StitchPal.build/StitchPal.app-Simulated.xcent.der (in target 'StitchPal' from project 'StitchPal')
    cd /Users/iamabillionaire/repos-local/stitchpal/ios
    /usr/bin/derq query -f xml -i /Users/iamabillionaire/Library/Developer/Xcode/DerivedData/StitchPal-dfmnusbgophjxsgwnlxqjaarluih/Build/Intermediates.noindex/StitchPal.build/Debug-iphonesimulator/StitchPal.build/StitchPal.app-Simulated.xcent -o /Users/iamabillionaire/Library/Developer/Xcode/DerivedData/StitchPal-dfmnusbgophjxsgwnlxqjaarluih/Build/Intermediates.noindex/StitchPal.build/Debug-iphonesimulator/StitchPal.build/StitchPal.app-Simulated.xcent.der --raw

PhaseScriptExecution [CP]\ Check\ Pods\ Manifest.lock /Users/iamabillionaire/Library/Developer/Xcode/DerivedData/StitchPal-dfmnusbgophjxsgwnlxqjaarluih/Build/Intermediates.noindex/StitchPal.build/Debug-iphonesimulator/StitchPal.build/Script-08A4A3CD28434E44B6B9DE2E.sh (in target 'StitchPal' from project 'StitchPal')
    cd /Users/iamabillionaire/repos-local/stitchpal/ios
    /bin/sh -c /Users/iamabillionaire/Library/Developer/Xcode/DerivedData/StitchPal-dfmnusbgophjxsgwnlxqjaarluih/Build/Intermediates.noindex/StitchPal.build/Debug-iphonesimulator/StitchPal.build/Script-08A4A3CD28434E44B6B9DE2E.sh
diff: /Podfile.lock: No such file or directory
error: The sandbox is not in sync with the Podfile.lock. Run 'pod install' or update your CocoaPods installation.

note: Run script build phase 'Bundle React Native code and images' will be run during every build because the option to run the script phase "Based on dependency analysis" is unchecked. (in target 'StitchPal' from project 'StitchPal')
